This file contains any messages produced by compilers while
running configure, to aid debugging if configure makes a mistake.

It was created by configure, which was
generated by GNU Autoconf 2.61.  Invocation command line was

  $ ./configure --prefix=/home/shane/TAS/install_UI/SDL/arm --host=arm-linux --disable-bmp --disable-gif --disable-jpg --disable-jpg-shared --disable-lbm --disable-pcx --disable-png-shared --disable-pnm --disable-tga --disable-tif --disable-tif-shared --disable-xcf --disable-xpm --disable-xv --disable-webp --disable-webp-shared CC=arm-linux-gnueabihf-gcc CXX=arm-linux-gnueabihf-g++ CPPFLAGS=-I/home/shane/TAS/install_UI/SDL/arm/include PKG_CONFIG_PATH=/home/shane/TAS/install_UI/SDL/arm/lib/pkgconfig

## --------- ##
## Platform. ##
## --------- ##

hostname = PC-shane
uname -m = x86_64
uname -r = 3.11.0-26-generic
uname -s = Linux
uname -v = #45-Ubuntu SMP Tue Jul 15 04:02:06 UTC 2014

/usr/bin/uname -p = unknown
/bin/uname -X     = unknown

/bin/arch              = unknown
/usr/bin/arch -k       = unknown
/usr/convex/getsysinfo = unknown
/usr/bin/hostinfo      = unknown
/bin/machine           = unknown
/usr/bin/oslevel       = unknown
/bin/universe          = unknown

PATH: /opt/cross-project/arm/linaro//bin
PATH: /home/shane/jdk1.6.0_45/bin
PATH: /usr/lib/lightdm/lightdm
PATH: /usr/local/sbin
PATH: /usr/local/bin
PATH: /usr/sbin
PATH: /usr/bin
PATH: /sbin
PATH: /bin
PATH: /usr/games
PATH: /usr/local/games


## ----------- ##
## Core tests. ##
## ----------- ##

configure:2066: checking build system type
configure:2084: result: x86_64-unknown-linux-gnu
configure:2106: checking host system type
configure:2121: result: arm-unknown-linux-gnu
configure:2151: checking for arm-linux-gcc
configure:2178: result: arm-linux-gnueabihf-gcc
configure:2456: checking for C compiler version
configure:2463: arm-linux-gnueabihf-gcc --version >&5
arm-linux-gnueabihf-gcc (crosstool-NG linaro-1.13.1-4.8-2013.10 - Linaro GCC 2013.10) 4.8.2 20131014 (prerelease)
Copyright (C) 2013 Free Software Foundation, Inc.
This is free software; see the source for copying conditions.  There is NO
warranty; not even for MERCHANTABILITY or FITNESS FOR A PARTICULAR PURPOSE.

configure:2466: $? = 0
configure:2473: arm-linux-gnueabihf-gcc -v >&5
Using built-in specs.
COLLECT_GCC=arm-linux-gnueabihf-gcc
COLLECT_LTO_WRAPPER=/opt/cross-project/arm/linaro/bin/../libexec/gcc/arm-linux-gnueabihf/4.8.2/lto-wrapper
Target: arm-linux-gnueabihf
Configured with: /cbuild/slaves/oorts/crosstool-ng/builds/arm-linux-gnueabihf-linux/.build/src/gcc-linaro-4.8-2013.10/configure --build=i686-build_pc-linux-gnu --host=i686-build_pc-linux-gnu --target=arm-linux-gnueabihf --prefix=/cbuild/slaves/oorts/crosstool-ng/builds/arm-linux-gnueabihf-linux/install --with-sysroot=/cbuild/slaves/oorts/crosstool-ng/builds/arm-linux-gnueabihf-linux/install/arm-linux-gnueabihf/libc --enable-languages=c,c++,fortran --enable-multilib --with-arch=armv7-a --with-tune=cortex-a9 --with-fpu=vfpv3-d16 --with-float=hard --with-pkgversion='crosstool-NG linaro-1.13.1-4.8-2013.10 - Linaro GCC 2013.10' --with-bugurl=https://bugs.launchpad.net/gcc-linaro --enable-__cxa_atexit --enable-libmudflap --enable-libgomp --enable-libssp --with-gmp=/cbuild/slaves/oorts/crosstool-ng/builds/arm-linux-gnueabihf-linux/.build/arm-linux-gnueabihf/build/static --with-mpfr=/cbuild/slaves/oorts/crosstool-ng/builds/arm-linux-gnueabihf-linux/.build/arm-linux-gnueabihf/build/static --with-mpc=/cbuild/slaves/oorts/crosstool-ng/builds/arm-linux-gnueabihf-linux/.build/arm-linux-gnueabihf/build/static --with-isl=/cbuild/slaves/oorts/crosstool-ng/builds/arm-linux-gnueabihf-linux/.build/arm-linux-gnueabihf/build/static --with-cloog=/cbuild/slaves/oorts/crosstool-ng/builds/arm-linux-gnueabihf-linux/.build/arm-linux-gnueabihf/build/static --with-libelf=/cbuild/slaves/oorts/crosstool-ng/builds/arm-linux-gnueabihf-linux/.build/arm-linux-gnueabihf/build/static --enable-threads=posix --disable-libstdcxx-pch --enable-linker-build-id --enable-gold --with-local-prefix=/cbuild/slaves/oorts/crosstool-ng/builds/arm-linux-gnueabihf-linux/install/arm-linux-gnueabihf/libc --enable-c99 --enable-long-long --with-mode=thumb
Thread model: posix
gcc version 4.8.2 20131014 (prerelease) (crosstool-NG linaro-1.13.1-4.8-2013.10 - Linaro GCC 2013.10) 
configure:2476: $? = 0
configure:2483: arm-linux-gnueabihf-gcc -V >&5
arm-linux-gnueabihf-gcc: error: unrecognized command line option '-V'
arm-linux-gnueabihf-gcc: fatal error: no input files
compilation terminated.
configure:2486: $? = 1
configure:2509: checking for C compiler default output file name
configure:2536: arm-linux-gnueabihf-gcc  -I/home/shane/TAS/install_UI/SDL/arm/include  conftest.c  >&5
configure:2539: $? = 0
configure:2577: result: a.out
configure:2594: checking whether the C compiler works
configure:2604: ./a.out
./configure: line 2605: ./a.out: cannot execute binary file
configure:2607: $? = 126
configure:2624: result: yes
configure:2631: checking whether we are cross compiling
configure:2633: result: yes
configure:2636: checking for suffix of executables
configure:2643: arm-linux-gnueabihf-gcc -o conftest  -I/home/shane/TAS/install_UI/SDL/arm/include  conftest.c  >&5
configure:2646: $? = 0
configure:2670: result: 
configure:2676: checking for suffix of object files
configure:2702: arm-linux-gnueabihf-gcc -c  -I/home/shane/TAS/install_UI/SDL/arm/include conftest.c >&5
configure:2705: $? = 0
configure:2728: result: o
configure:2732: checking whether we are using the GNU C compiler
configure:2761: arm-linux-gnueabihf-gcc -c  -I/home/shane/TAS/install_UI/SDL/arm/include conftest.c >&5
configure:2767: $? = 0
configure:2784: result: yes
configure:2789: checking whether arm-linux-gnueabihf-gcc accepts -g
configure:2819: arm-linux-gnueabihf-gcc -c -g -I/home/shane/TAS/install_UI/SDL/arm/include conftest.c >&5
configure:2825: $? = 0
configure:2924: result: yes
configure:2941: checking for arm-linux-gnueabihf-gcc option to accept ISO C89
configure:3015: arm-linux-gnueabihf-gcc  -c -g -O2 -I/home/shane/TAS/install_UI/SDL/arm/include conftest.c >&5
configure:3021: $? = 0
configure:3044: result: none needed
configure:3062: checking for a sed that does not truncate output
configure:3141: result: /bin/sed
configure:3159: checking for grep that handles long lines and -e
configure:3233: result: /bin/grep
configure:3238: checking for egrep
configure:3316: result: /bin/grep -E
configure:3321: checking for fgrep
configure:3399: result: /bin/grep -F
configure:3434: checking for ld used by arm-linux-gnueabihf-gcc
configure:3501: result: /opt/cross-project/arm/linaro/arm-linux-gnueabihf/bin/ld
configure:3510: checking if the linker (/opt/cross-project/arm/linaro/arm-linux-gnueabihf/bin/ld) is GNU ld
configure:3525: result: yes
configure:3537: checking for BSD- or MS-compatible name lister (nm)
configure:3586: result: no
configure:3597: checking for arm-linux-dumpbin
configure:3627: result: no
configure:3597: checking for arm-linux-link
configure:3627: result: no
configure:3641: checking for dumpbin
configure:3671: result: no
configure:3641: checking for link
configure:3657: found /usr/bin/link
configure:3668: result: link -dump -symbols
configure:3686: WARNING: In the future, Autoconf will not detect cross-tools
whose name does not start with the host triplet.  If you think this
configuration is useful to you, please write to autoconf@gnu.org.
configure:3708: checking the name lister (link -dump -symbols) interface
configure:3715: arm-linux-gnueabihf-gcc -c -g -O2 -I/home/shane/TAS/install_UI/SDL/arm/include conftest.c >&5
configure:3718: link -dump -symbols "conftest.o"
link: invalid option -- 'd'
Try 'link --help' for more information.
configure:3721: output
configure:3728: result: BSD nm
configure:3731: checking whether ln -s works
configure:3735: result: yes
configure:3743: checking the maximum length of command line arguments
configure:3869: result: 1572864
configure:3886: checking whether the shell understands some XSI constructs
configure:3896: result: yes
configure:3900: checking whether the shell understands "+="
configure:3906: result: yes
configure:3941: checking for /opt/cross-project/arm/linaro/arm-linux-gnueabihf/bin/ld option to reload object files
configure:3948: result: -r
configure:3977: checking for arm-linux-objdump
configure:4007: result: no
configure:4017: checking for objdump
configure:4033: found /usr/bin/objdump
configure:4044: result: objdump
configure:4077: checking how to recognize dependent libraries
configure:4275: result: pass_all
configure:4295: checking for arm-linux-ar
configure:4325: result: no
configure:4335: checking for ar
configure:4351: found /usr/bin/ar
configure:4362: result: ar
configure:4404: checking for arm-linux-strip
configure:4434: result: no
configure:4444: checking for strip
configure:4460: found /usr/bin/strip
configure:4471: result: strip
configure:4507: checking for arm-linux-ranlib
configure:4537: result: no
configure:4547: checking for ranlib
configure:4563: found /usr/bin/ranlib
configure:4574: result: ranlib
configure:4668: checking command to parse link -dump -symbols output from arm-linux-gnueabihf-gcc object
configure:4786: arm-linux-gnueabihf-gcc -c -g -O2 -I/home/shane/TAS/install_UI/SDL/arm/include conftest.c >&5
configure:4789: $? = 0
configure:4793: link -dump -symbols conftest.o \| sed -n -e 's/^.*[	 ]\([BCDEGRST][BCDEGRST]*\)[	 ][	 ]*\([_A-Za-z][_A-Za-z0-9]*\)$/\1 \2 \2/p' \> conftest.nm
link: invalid option -- 'd'
Try 'link --help' for more information.
configure:4796: $? = 0
cannot run sed -n -e 's/^.*[	 ]\([BCDEGRST][BCDEGRST]*\)[	 ][	 ]*\([_A-Za-z][_A-Za-z0-9]*\)$/\1 \2 \2/p'
configure:4786: arm-linux-gnueabihf-gcc -c -g -O2 -I/home/shane/TAS/install_UI/SDL/arm/include conftest.c >&5
configure:4789: $? = 0
configure:4793: link -dump -symbols conftest.o \| sed -n -e 's/^.*[	 ]\([BCDEGRST][BCDEGRST]*\)[	 ][	 ]*_\([_A-Za-z][_A-Za-z0-9]*\)$/\1 _\2 \2/p' \> conftest.nm
link: invalid option -- 'd'
Try 'link --help' for more information.
configure:4796: $? = 0
cannot run sed -n -e 's/^.*[	 ]\([BCDEGRST][BCDEGRST]*\)[	 ][	 ]*_\([_A-Za-z][_A-Za-z0-9]*\)$/\1 _\2 \2/p'
configure:4888: result: failed
configure:5770: checking how to run the C preprocessor
configure:5810: arm-linux-gnueabihf-gcc -E -I/home/shane/TAS/install_UI/SDL/arm/include conftest.c
configure:5816: $? = 0
configure:5847: arm-linux-gnueabihf-gcc -E -I/home/shane/TAS/install_UI/SDL/arm/include conftest.c
conftest.c:8:28: fatal error: ac_nonexistent.h: No such file or directory
 #include <ac_nonexistent.h>
                            ^
compilation terminated.
configure:5853: $? = 1
configure: failed program was:
| /* confdefs.h.  */
| #define PACKAGE_NAME ""
| #define PACKAGE_TARNAME ""
| #define PACKAGE_VERSION ""
| #define PACKAGE_STRING ""
| #define PACKAGE_BUGREPORT ""
| /* end confdefs.h.  */
| #include <ac_nonexistent.h>
configure:5886: result: arm-linux-gnueabihf-gcc -E
configure:5915: arm-linux-gnueabihf-gcc -E -I/home/shane/TAS/install_UI/SDL/arm/include conftest.c
configure:5921: $? = 0
configure:5952: arm-linux-gnueabihf-gcc -E -I/home/shane/TAS/install_UI/SDL/arm/include conftest.c
conftest.c:8:28: fatal error: ac_nonexistent.h: No such file or directory
 #include <ac_nonexistent.h>
                            ^
compilation terminated.
configure:5958: $? = 1
configure: failed program was:
| /* confdefs.h.  */
| #define PACKAGE_NAME ""
| #define PACKAGE_TARNAME ""
| #define PACKAGE_VERSION ""
| #define PACKAGE_STRING ""
| #define PACKAGE_BUGREPORT ""
| /* end confdefs.h.  */
| #include <ac_nonexistent.h>
configure:5996: checking for ANSI C header files
configure:6026: arm-linux-gnueabihf-gcc -c -g -O2 -I/home/shane/TAS/install_UI/SDL/arm/include conftest.c >&5
configure:6032: $? = 0
configure:6160: result: yes
configure:6184: checking for sys/types.h
configure:6205: arm-linux-gnueabihf-gcc -c -g -O2 -I/home/shane/TAS/install_UI/SDL/arm/include conftest.c >&5
configure:6211: $? = 0
configure:6227: result: yes
configure:6184: checking for sys/stat.h
configure:6205: arm-linux-gnueabihf-gcc -c -g -O2 -I/home/shane/TAS/install_UI/SDL/arm/include conftest.c >&5
configure:6211: $? = 0
configure:6227: result: yes
configure:6184: checking for stdlib.h
configure:6205: arm-linux-gnueabihf-gcc -c -g -O2 -I/home/shane/TAS/install_UI/SDL/arm/include conftest.c >&5
configure:6211: $? = 0
configure:6227: result: yes
configure:6184: checking for string.h
configure:6205: arm-linux-gnueabihf-gcc -c -g -O2 -I/home/shane/TAS/install_UI/SDL/arm/include conftest.c >&5
configure:6211: $? = 0
configure:6227: result: yes
configure:6184: checking for memory.h
configure:6205: arm-linux-gnueabihf-gcc -c -g -O2 -I/home/shane/TAS/install_UI/SDL/arm/include conftest.c >&5
configure:6211: $? = 0
configure:6227: result: yes
configure:6184: checking for strings.h
configure:6205: arm-linux-gnueabihf-gcc -c -g -O2 -I/home/shane/TAS/install_UI/SDL/arm/include conftest.c >&5
configure:6211: $? = 0
configure:6227: result: yes
configure:6184: checking for inttypes.h
configure:6205: arm-linux-gnueabihf-gcc -c -g -O2 -I/home/shane/TAS/install_UI/SDL/arm/include conftest.c >&5
configure:6211: $? = 0
configure:6227: result: yes
configure:6184: checking for stdint.h
configure:6205: arm-linux-gnueabihf-gcc -c -g -O2 -I/home/shane/TAS/install_UI/SDL/arm/include conftest.c >&5
configure:6211: $? = 0
configure:6227: result: yes
configure:6184: checking for unistd.h
configure:6205: arm-linux-gnueabihf-gcc -c -g -O2 -I/home/shane/TAS/install_UI/SDL/arm/include conftest.c >&5
configure:6211: $? = 0
configure:6227: result: yes
configure:6243: checking for dlfcn.h
configure:6264: arm-linux-gnueabihf-gcc -c -g -O2 -I/home/shane/TAS/install_UI/SDL/arm/include conftest.c >&5
configure:6270: $? = 0
configure:6286: result: yes
configure:6780: checking for objdir
configure:6795: result: .libs
configure:7091: checking if arm-linux-gnueabihf-gcc supports -fno-rtti -fno-exceptions
configure:7109: arm-linux-gnueabihf-gcc -c -g -O2 -I/home/shane/TAS/install_UI/SDL/arm/include -fno-rtti -fno-exceptions conftest.c >&5
cc1: warning: command line option '-fno-rtti' is valid for C++/ObjC++ but not for C [enabled by default]
configure:7113: $? = 0
configure:7126: result: no
configure:7146: checking for arm-linux-gnueabihf-gcc option to produce PIC
configure:7418: result: -fPIC -DPIC
configure:7430: checking if arm-linux-gnueabihf-gcc PIC flag -fPIC -DPIC works
configure:7448: arm-linux-gnueabihf-gcc -c -g -O2 -I/home/shane/TAS/install_UI/SDL/arm/include -fPIC -DPIC -DPIC conftest.c >&5
configure:7452: $? = 0
configure:7465: result: yes
configure:7489: checking if arm-linux-gnueabihf-gcc static flag -static works
configure:7517: result: yes
configure:7532: checking if arm-linux-gnueabihf-gcc supports -c -o file.o
configure:7553: arm-linux-gnueabihf-gcc -c -g -O2 -I/home/shane/TAS/install_UI/SDL/arm/include -o out/conftest2.o conftest.c >&5
configure:7557: $? = 0
configure:7579: result: yes
configure:7587: checking if arm-linux-gnueabihf-gcc supports -c -o file.o
configure:7634: result: yes
configure:7667: checking whether the arm-linux-gnueabihf-gcc linker (/opt/cross-project/arm/linaro/arm-linux-gnueabihf/bin/ld) supports shared libraries
configure:8729: result: yes
configure:8766: checking whether -lc should be explicitly linked in
configure:8771: arm-linux-gnueabihf-gcc -c -g -O2 -I/home/shane/TAS/install_UI/SDL/arm/include conftest.c >&5
configure:8774: $? = 0
configure:8789: arm-linux-gnueabihf-gcc -shared conftest.o  -v -Wl,-soname -Wl,conftest -o conftest 2\>\&1 \| /bin/grep  -lc  \>/dev/null 2\>\&1
configure:8792: $? = 0
configure:8804: result: no
configure:8968: checking dynamic linker characteristics
configure:9413: arm-linux-gnueabihf-gcc -o conftest -g -O2 -I/home/shane/TAS/install_UI/SDL/arm/include  -Wl,-rpath -Wl,/foo conftest.c  >&5
configure:9419: $? = 0
configure:9649: result: GNU/Linux ld.so
configure:9751: checking how to hardcode library paths into programs
configure:9776: result: immediate
configure:10581: checking whether stripping libraries is possible
configure:10586: result: yes
configure:10621: checking if libtool supports shared libraries
configure:10623: result: yes
configure:10626: checking whether to build shared libraries
configure:10647: result: yes
configure:10650: checking whether to build static libraries
configure:10654: result: yes
configure:10700: checking host system type
configure:10715: result: arm-unknown-linux-gnu
configure:10753: checking for a BSD-compatible install
configure:10809: result: /usr/bin/install -c
configure:10820: checking whether build environment is sane
configure:10863: result: yes
configure:10891: checking for a thread-safe mkdir -p
configure:10930: result: /bin/mkdir -p
configure:10943: checking for gawk
configure:10959: found /usr/bin/gawk
configure:10970: result: gawk
configure:10981: checking whether make sets $(MAKE)
configure:11002: result: yes
configure:11032: checking for style of include used by make
configure:11060: result: GNU
configure:11144: checking for arm-linux-strip
configure:11171: result: strip
configure:11253: checking dependency style of arm-linux-gnueabihf-gcc
configure:11344: result: gcc3
configure:11370: checking for arm-linux-gcc
configure:11397: result: arm-linux-gnueabihf-gcc
configure:11675: checking for C compiler version
configure:11682: arm-linux-gnueabihf-gcc --version >&5
arm-linux-gnueabihf-gcc (crosstool-NG linaro-1.13.1-4.8-2013.10 - Linaro GCC 2013.10) 4.8.2 20131014 (prerelease)
Copyright (C) 2013 Free Software Foundation, Inc.
This is free software; see the source for copying conditions.  There is NO
warranty; not even for MERCHANTABILITY or FITNESS FOR A PARTICULAR PURPOSE.

configure:11685: $? = 0
configure:11692: arm-linux-gnueabihf-gcc -v >&5
Using built-in specs.
COLLECT_GCC=arm-linux-gnueabihf-gcc
COLLECT_LTO_WRAPPER=/opt/cross-project/arm/linaro/bin/../libexec/gcc/arm-linux-gnueabihf/4.8.2/lto-wrapper
Target: arm-linux-gnueabihf
Configured with: /cbuild/slaves/oorts/crosstool-ng/builds/arm-linux-gnueabihf-linux/.build/src/gcc-linaro-4.8-2013.10/configure --build=i686-build_pc-linux-gnu --host=i686-build_pc-linux-gnu --target=arm-linux-gnueabihf --prefix=/cbuild/slaves/oorts/crosstool-ng/builds/arm-linux-gnueabihf-linux/install --with-sysroot=/cbuild/slaves/oorts/crosstool-ng/builds/arm-linux-gnueabihf-linux/install/arm-linux-gnueabihf/libc --enable-languages=c,c++,fortran --enable-multilib --with-arch=armv7-a --with-tune=cortex-a9 --with-fpu=vfpv3-d16 --with-float=hard --with-pkgversion='crosstool-NG linaro-1.13.1-4.8-2013.10 - Linaro GCC 2013.10' --with-bugurl=https://bugs.launchpad.net/gcc-linaro --enable-__cxa_atexit --enable-libmudflap --enable-libgomp --enable-libssp --with-gmp=/cbuild/slaves/oorts/crosstool-ng/builds/arm-linux-gnueabihf-linux/.build/arm-linux-gnueabihf/build/static --with-mpfr=/cbuild/slaves/oorts/crosstool-ng/builds/arm-linux-gnueabihf-linux/.build/arm-linux-gnueabihf/build/static --with-mpc=/cbuild/slaves/oorts/crosstool-ng/builds/arm-linux-gnueabihf-linux/.build/arm-linux-gnueabihf/build/static --with-isl=/cbuild/slaves/oorts/crosstool-ng/builds/arm-linux-gnueabihf-linux/.build/arm-linux-gnueabihf/build/static --with-cloog=/cbuild/slaves/oorts/crosstool-ng/builds/arm-linux-gnueabihf-linux/.build/arm-linux-gnueabihf/build/static --with-libelf=/cbuild/slaves/oorts/crosstool-ng/builds/arm-linux-gnueabihf-linux/.build/arm-linux-gnueabihf/build/static --enable-threads=posix --disable-libstdcxx-pch --enable-linker-build-id --enable-gold --with-local-prefix=/cbuild/slaves/oorts/crosstool-ng/builds/arm-linux-gnueabihf-linux/install/arm-linux-gnueabihf/libc --enable-c99 --enable-long-long --with-mode=thumb
Thread model: posix
gcc version 4.8.2 20131014 (prerelease) (crosstool-NG linaro-1.13.1-4.8-2013.10 - Linaro GCC 2013.10) 
configure:11695: $? = 0
configure:11702: arm-linux-gnueabihf-gcc -V >&5
arm-linux-gnueabihf-gcc: error: unrecognized command line option '-V'
arm-linux-gnueabihf-gcc: fatal error: no input files
compilation terminated.
configure:11705: $? = 1
configure:11708: checking whether we are using the GNU C compiler
configure:11760: result: yes
configure:11765: checking whether arm-linux-gnueabihf-gcc accepts -g
configure:11900: result: yes
configure:11917: checking for arm-linux-gnueabihf-gcc option to accept ISO C89
configure:12020: result: none needed
configure:12048: checking for arm-linux-gcc
configure:12078: result: no
configure:12048: checking for arm-linux-objcc
configure:12078: result: no
configure:12048: checking for arm-linux-objc
configure:12078: result: no
configure:12048: checking for arm-linux-cc
configure:12078: result: no
configure:12048: checking for arm-linux-CC
configure:12078: result: no
configure:12092: checking for gcc
configure:12108: found /usr/bin/gcc
configure:12119: result: gcc
configure:12148: checking for Objective C compiler version
configure:12155: gcc --version >&5
gcc (Ubuntu/Linaro 4.8.1-10ubuntu9) 4.8.1
Copyright (C) 2013 Free Software Foundation, Inc.
This is free software; see the source for copying conditions.  There is NO
warranty; not even for MERCHANTABILITY or FITNESS FOR A PARTICULAR PURPOSE.

configure:12158: $? = 0
configure:12165: gcc -v >&5
Using built-in specs.
COLLECT_GCC=gcc
COLLECT_LTO_WRAPPER=/usr/lib/gcc/x86_64-linux-gnu/4.8/lto-wrapper
Target: x86_64-linux-gnu
Configured with: ../src/configure -v --with-pkgversion='Ubuntu/Linaro 4.8.1-10ubuntu9' --with-bugurl=file:///usr/share/doc/gcc-4.8/README.Bugs --enable-languages=c,c++,java,go,d,fortran,objc,obj-c++ --prefix=/usr --program-suffix=-4.8 --enable-shared --enable-linker-build-id --libexecdir=/usr/lib --without-included-gettext --enable-threads=posix --with-gxx-include-dir=/usr/include/c++/4.8 --libdir=/usr/lib --enable-nls --with-sysroot=/ --enable-clocale=gnu --enable-libstdcxx-debug --enable-libstdcxx-time=yes --enable-gnu-unique-object --enable-plugin --with-system-zlib --disable-browser-plugin --enable-java-awt=gtk --enable-gtk-cairo --with-java-home=/usr/lib/jvm/java-1.5.0-gcj-4.8-amd64/jre --enable-java-home --with-jvm-root-dir=/usr/lib/jvm/java-1.5.0-gcj-4.8-amd64 --with-jvm-jar-dir=/usr/lib/jvm-exports/java-1.5.0-gcj-4.8-amd64 --with-arch-directory=amd64 --with-ecj-jar=/usr/share/java/eclipse-ecj.jar --enable-objc-gc --enable-multiarch --disable-werror --with-arch-32=i686 --with-abi=m64 --with-multilib-list=m32,m64,mx32 --with-tune=generic --enable-checking=release --build=x86_64-linux-gnu --host=x86_64-linux-gnu --target=x86_64-linux-gnu
Thread model: posix
gcc version 4.8.1 (Ubuntu/Linaro 4.8.1-10ubuntu9) 
configure:12168: $? = 0
configure:12175: gcc -V >&5
gcc: error: unrecognized command line option '-V'
gcc: fatal error: no input files
compilation terminated.
configure:12178: $? = 4
configure:12181: checking whether we are using the GNU Objective C compiler
configure:12210: gcc -c  -I/home/shane/TAS/install_UI/SDL/arm/include conftest.m >&5
gcc: error trying to exec 'cc1obj': execvp: No such file or directory
configure:12216: $? = 1
configure: failed program was:
| /* confdefs.h.  */
| #define PACKAGE_NAME ""
| #define PACKAGE_TARNAME ""
| #define PACKAGE_VERSION ""
| #define PACKAGE_STRING ""
| #define PACKAGE_BUGREPORT ""
| #define STDC_HEADERS 1
| #define HAVE_SYS_TYPES_H 1
| #define HAVE_SYS_STAT_H 1
| #define HAVE_STDLIB_H 1
| #define HAVE_STRING_H 1
| #define HAVE_MEMORY_H 1
| #define HAVE_STRINGS_H 1
| #define HAVE_INTTYPES_H 1
| #define HAVE_STDINT_H 1
| #define HAVE_UNISTD_H 1
| #define HAVE_DLFCN_H 1
| #define LT_OBJDIR ".libs/"
| #define PACKAGE "SDL_image"
| #define VERSION "1.2.12"
| /* end confdefs.h.  */
| 
| int
| main ()
| {
| #ifndef __GNUC__
|        choke me
| #endif
| 
|   ;
|   return 0;
| }
configure:12233: result: no
configure:12238: checking whether gcc accepts -g
configure:12268: gcc -c -g -I/home/shane/TAS/install_UI/SDL/arm/include conftest.m >&5
gcc: error trying to exec 'cc1obj': execvp: No such file or directory
configure:12274: $? = 1
configure: failed program was:
| /* confdefs.h.  */
| #define PACKAGE_NAME ""
| #define PACKAGE_TARNAME ""
| #define PACKAGE_VERSION ""
| #define PACKAGE_STRING ""
| #define PACKAGE_BUGREPORT ""
| #define STDC_HEADERS 1
| #define HAVE_SYS_TYPES_H 1
| #define HAVE_SYS_STAT_H 1
| #define HAVE_STDLIB_H 1
| #define HAVE_STRING_H 1
| #define HAVE_MEMORY_H 1
| #define HAVE_STRINGS_H 1
| #define HAVE_INTTYPES_H 1
| #define HAVE_STDINT_H 1
| #define HAVE_UNISTD_H 1
| #define HAVE_DLFCN_H 1
| #define LT_OBJDIR ".libs/"
| #define PACKAGE "SDL_image"
| #define VERSION "1.2.12"
| /* end confdefs.h.  */
| 
| int
| main ()
| {
| 
|   ;
|   return 0;
| }
configure:12306: gcc -c  -I/home/shane/TAS/install_UI/SDL/arm/include conftest.m >&5
gcc: error trying to exec 'cc1obj': execvp: No such file or directory
configure:12312: $? = 1
configure: failed program was:
| /* confdefs.h.  */
| #define PACKAGE_NAME ""
| #define PACKAGE_TARNAME ""
| #define PACKAGE_VERSION ""
| #define PACKAGE_STRING ""
| #define PACKAGE_BUGREPORT ""
| #define STDC_HEADERS 1
| #define HAVE_SYS_TYPES_H 1
| #define HAVE_SYS_STAT_H 1
| #define HAVE_STDLIB_H 1
| #define HAVE_STRING_H 1
| #define HAVE_MEMORY_H 1
| #define HAVE_STRINGS_H 1
| #define HAVE_INTTYPES_H 1
| #define HAVE_STDINT_H 1
| #define HAVE_UNISTD_H 1
| #define HAVE_DLFCN_H 1
| #define LT_OBJDIR ".libs/"
| #define PACKAGE "SDL_image"
| #define VERSION "1.2.12"
| /* end confdefs.h.  */
| 
| int
| main ()
| {
| 
|   ;
|   return 0;
| }
configure:12345: gcc -c -g -I/home/shane/TAS/install_UI/SDL/arm/include conftest.m >&5
gcc: error trying to exec 'cc1obj': execvp: No such file or directory
configure:12351: $? = 1
configure: failed program was:
| /* confdefs.h.  */
| #define PACKAGE_NAME ""
| #define PACKAGE_TARNAME ""
| #define PACKAGE_VERSION ""
| #define PACKAGE_STRING ""
| #define PACKAGE_BUGREPORT ""
| #define STDC_HEADERS 1
| #define HAVE_SYS_TYPES_H 1
| #define HAVE_SYS_STAT_H 1
| #define HAVE_STDLIB_H 1
| #define HAVE_STRING_H 1
| #define HAVE_MEMORY_H 1
| #define HAVE_STRINGS_H 1
| #define HAVE_INTTYPES_H 1
| #define HAVE_STDINT_H 1
| #define HAVE_UNISTD_H 1
| #define HAVE_DLFCN_H 1
| #define LT_OBJDIR ".libs/"
| #define PACKAGE "SDL_image"
| #define VERSION "1.2.12"
| /* end confdefs.h.  */
| 
| int
| main ()
| {
| 
|   ;
|   return 0;
| }
configure:12373: result: no
configure:12398: checking dependency style of gcc
configure:12489: result: gcc3
configure:12504: checking for inline
configure:12530: arm-linux-gnueabihf-gcc -c -g -O2 -I/home/shane/TAS/install_UI/SDL/arm/include conftest.c >&5
configure:12536: $? = 0
configure:12554: result: inline
configure:12586: checking for a BSD-compatible install
configure:12642: result: /usr/bin/install -c
configure:12653: checking whether make sets $(MAKE)
configure:12674: result: yes
configure:12692: checking for windres
configure:12722: result: no
configure:12692: checking for arm-linux-windres
configure:12722: result: no
configure:12692: checking for linux-gnu-windres
configure:12722: result: no
configure:12810: checking for arm-linux-pkg-config
configure:12843: result: no
configure:12853: checking for pkg-config
configure:12871: found /usr/bin/pkg-config
configure:12883: result: /usr/bin/pkg-config
configure:12912: checking pkg-config is at least version 0.9.0
configure:12915: result: yes
configure:12953: checking for SDL
configure:12961: $PKG_CONFIG --exists --print-errors "sdl >= $min_sdl_version"
configure:12964: $? = 0
configure:12979: $PKG_CONFIG --exists --print-errors "sdl >= $min_sdl_version"
configure:12982: $? = 0
configure:13024: result: yes
configure:13683: checking for LIBPNG
configure:13691: $PKG_CONFIG --exists --print-errors "libpng"
configure:13694: $? = 0
configure:13709: $PKG_CONFIG --exists --print-errors "libpng"
configure:13712: $? = 0
configure:14138: result: yes
configure:15190: creating ./config.status

## ---------------------- ##
## Running config.status. ##
## ---------------------- ##

This file was extended by config.status, which was
generated by GNU Autoconf 2.61.  Invocation command line was

  CONFIG_FILES    = 
  CONFIG_HEADERS  = 
  CONFIG_LINKS    = 
  CONFIG_COMMANDS = 
  $ ./config.status 

on PC-shane

config.status:867: creating Makefile
config.status:867: creating SDL_image.spec
config.status:867: creating SDL_image.pc
config.status:1058: executing libtool commands
config.status:1058: executing depfiles commands

## ---------------- ##
## Cache variables. ##
## ---------------- ##

ac_cv_build=x86_64-unknown-linux-gnu
ac_cv_c_compiler_gnu=yes
ac_cv_c_inline=inline
ac_cv_env_CC_set=set
ac_cv_env_CC_value=arm-linux-gnueabihf-gcc
ac_cv_env_CFLAGS_set=
ac_cv_env_CFLAGS_value=
ac_cv_env_CPPFLAGS_set=set
ac_cv_env_CPPFLAGS_value=-I/home/shane/TAS/install_UI/SDL/arm/include
ac_cv_env_CPP_set=
ac_cv_env_CPP_value=
ac_cv_env_LDFLAGS_set=
ac_cv_env_LDFLAGS_value=
ac_cv_env_LIBPNG_CFLAGS_set=
ac_cv_env_LIBPNG_CFLAGS_value=
ac_cv_env_LIBPNG_LIBS_set=
ac_cv_env_LIBPNG_LIBS_value=
ac_cv_env_LIBS_set=
ac_cv_env_LIBS_value=
ac_cv_env_LIBWEBP_CFLAGS_set=
ac_cv_env_LIBWEBP_CFLAGS_value=
ac_cv_env_LIBWEBP_LIBS_set=
ac_cv_env_LIBWEBP_LIBS_value=
ac_cv_env_OBJCFLAGS_set=
ac_cv_env_OBJCFLAGS_value=
ac_cv_env_OBJC_set=
ac_cv_env_OBJC_value=
ac_cv_env_PKG_CONFIG_set=
ac_cv_env_PKG_CONFIG_value=
ac_cv_env_SDL_CFLAGS_set=
ac_cv_env_SDL_CFLAGS_value=
ac_cv_env_SDL_LIBS_set=
ac_cv_env_SDL_LIBS_value=
ac_cv_env_build_alias_set=
ac_cv_env_build_alias_value=
ac_cv_env_host_alias_set=set
ac_cv_env_host_alias_value=arm-linux
ac_cv_env_target_alias_set=
ac_cv_env_target_alias_value=
ac_cv_header_dlfcn_h=yes
ac_cv_header_inttypes_h=yes
ac_cv_header_memory_h=yes
ac_cv_header_stdc=yes
ac_cv_header_stdint_h=yes
ac_cv_header_stdlib_h=yes
ac_cv_header_string_h=yes
ac_cv_header_strings_h=yes
ac_cv_header_sys_stat_h=yes
ac_cv_header_sys_types_h=yes
ac_cv_header_unistd_h=yes
ac_cv_host=arm-unknown-linux-gnu
ac_cv_objc_compiler_gnu=no
ac_cv_objext=o
ac_cv_path_EGREP='/bin/grep -E'
ac_cv_path_FGREP='/bin/grep -F'
ac_cv_path_GREP=/bin/grep
ac_cv_path_SED=/bin/sed
ac_cv_path_ac_pt_PKG_CONFIG=/usr/bin/pkg-config
ac_cv_path_install='/usr/bin/install -c'
ac_cv_path_mkdir=/bin/mkdir
ac_cv_prog_AWK=gawk
ac_cv_prog_CC=arm-linux-gnueabihf-gcc
ac_cv_prog_CPP='arm-linux-gnueabihf-gcc -E'
ac_cv_prog_STRIP=strip
ac_cv_prog_ac_ct_AR=ar
ac_cv_prog_ac_ct_DUMPBIN='link -dump -symbols'
ac_cv_prog_ac_ct_OBJC=gcc
ac_cv_prog_ac_ct_OBJDUMP=objdump
ac_cv_prog_ac_ct_RANLIB=ranlib
ac_cv_prog_ac_ct_STRIP=strip
ac_cv_prog_cc_c89=
ac_cv_prog_cc_g=yes
ac_cv_prog_make_make_set=yes
ac_cv_prog_objc_g=no
am_cv_CC_dependencies_compiler_type=gcc3
am_cv_OBJC_dependencies_compiler_type=gcc3
lt_cv_deplibs_check_method=pass_all
lt_cv_file_magic_cmd='$MAGIC_CMD'
lt_cv_file_magic_test_file=
lt_cv_ld_reload_flag=-r
lt_cv_nm_interface='BSD nm'
lt_cv_objdir=.libs
lt_cv_path_LD=/opt/cross-project/arm/linaro/arm-linux-gnueabihf/bin/ld
lt_cv_path_NM=no
lt_cv_prog_compiler_c_o=yes
lt_cv_prog_compiler_pic_works=yes
lt_cv_prog_compiler_rtti_exceptions=no
lt_cv_prog_compiler_static_works=yes
lt_cv_prog_gnu_ld=yes
lt_cv_sys_global_symbol_pipe=
lt_cv_sys_global_symbol_to_c_name_address='sed -n -e '\''s/^: \([^ ]*\) $/  {\"\1\", (void *) 0},/p'\'' -e '\''s/^[BCDEGRST]* \([^ ]*\) \([^ ]*\)$/  {"\2", (void *) \&\2},/p'\'''
lt_cv_sys_global_symbol_to_c_name_address_lib_prefix='sed -n -e '\''s/^: \([^ ]*\) $/  {\"\1\", (void *) 0},/p'\'' -e '\''s/^[BCDEGRST]* \([^ ]*\) \(lib[^ ]*\)$/  {"\2", (void *) \&\2},/p'\'' -e '\''s/^[BCDEGRST]* \([^ ]*\) \([^ ]*\)$/  {"lib\2", (void *) \&\2},/p'\'''
lt_cv_sys_global_symbol_to_cdecl=
lt_cv_sys_max_cmd_len=1572864
pkg_cv_LIBPNG_CFLAGS='-I/home/shane/TAS/install_UI/SDL/arm/include/libpng16  '
pkg_cv_LIBPNG_LIBS='-L/home/shane/TAS/install_UI/SDL/arm/lib -lpng16  '
pkg_cv_SDL_CFLAGS='-D_GNU_SOURCE=1 -D_REENTRANT -I/home/shane/TAS/install_UI/SDL/arm/include/SDL  '
pkg_cv_SDL_LIBS='-Wl,-rpath,/home/shane/TAS/install_UI/SDL/arm/lib -L/home/shane/TAS/install_UI/SDL/arm/lib -lSDL -lpthread  '

## ----------------- ##
## Output variables. ##
## ----------------- ##

ACLOCAL='${SHELL} /home/shane/TAS/install_UI/SDL/SDL_image-1.2.12/missing --run aclocal-1.10'
AMDEPBACKSLASH='\'
AMDEP_FALSE='#'
AMDEP_TRUE=''
AMTAR='${SHELL} /home/shane/TAS/install_UI/SDL/SDL_image-1.2.12/missing --run tar'
AR='ar'
AS='as'
AUTOCONF='${SHELL} /home/shane/TAS/install_UI/SDL/SDL_image-1.2.12/missing --run autoconf'
AUTOHEADER='${SHELL} /home/shane/TAS/install_UI/SDL/SDL_image-1.2.12/missing --run autoheader'
AUTOMAKE='${SHELL} /home/shane/TAS/install_UI/SDL/SDL_image-1.2.12/missing --run automake-1.10'
AWK='gawk'
BINARY_AGE='12'
CC='arm-linux-gnueabihf-gcc'
CCDEPMODE='depmode=gcc3'
CFLAGS='-I/home/shane/TAS/install_UI/SDL/arm/include/libpng16   -g -O2 -D_GNU_SOURCE=1 -D_REENTRANT -I/home/shane/TAS/install_UI/SDL/arm/include/SDL  '
CPP='arm-linux-gnueabihf-gcc -E'
CPPFLAGS='-I/home/shane/TAS/install_UI/SDL/arm/include'
CYGPATH_W='echo'
DEFS='-DPACKAGE_NAME=\"\" -DPACKAGE_TARNAME=\"\" -DPACKAGE_VERSION=\"\" -DPACKAGE_STRING=\"\" -DPACKAGE_BUGREPORT=\"\" -DSTDC_HEADERS=1 -DHAVE_SYS_TYPES_H=1 -DHAVE_SYS_STAT_H=1 -DHAVE_STDLIB_H=1 -DHAVE_STRING_H=1 -DHAVE_MEMORY_H=1 -DHAVE_STRINGS_H=1 -DHAVE_INTTYPES_H=1 -DHAVE_STDINT_H=1 -DHAVE_UNISTD_H=1 -DHAVE_DLFCN_H=1 -DLT_OBJDIR=\".libs/\" -DPACKAGE=\"SDL_image\" -DVERSION=\"1.2.12\" -DLOAD_PNG=1'
DEPDIR='.deps'
DLLTOOL='dlltool'
DSYMUTIL=''
DUMPBIN='link -dump -symbols'
ECHO_C=''
ECHO_N='-n'
ECHO_T=''
EGREP='/bin/grep -E'
EXEEXT=''
FGREP='/bin/grep -F'
GREP='/bin/grep'
IMG_LIBS='-lpng -lz '
INSTALL_DATA='${INSTALL} -m 644'
INSTALL_PROGRAM='${INSTALL}'
INSTALL_SCRIPT='${INSTALL}'
INSTALL_STRIP_PROGRAM='$(install_sh) -c -s'
INTERFACE_AGE='4'
LD='/opt/cross-project/arm/linaro/arm-linux-gnueabihf/bin/ld'
LDFLAGS=''
LIBOBJS=''
LIBPNG_CFLAGS='-I/home/shane/TAS/install_UI/SDL/arm/include/libpng16  '
LIBPNG_LIBS='-L/home/shane/TAS/install_UI/SDL/arm/lib -lpng16  '
LIBS=' -Wl,-rpath,/home/shane/TAS/install_UI/SDL/arm/lib -L/home/shane/TAS/install_UI/SDL/arm/lib -lSDL -lpthread  '
LIBTOOL='$(SHELL) $(top_builddir)/libtool'
LIBWEBP_CFLAGS=''
LIBWEBP_LIBS=''
LIPO=''
LN_S='ln -s'
LTLIBOBJS=''
LT_AGE='8'
LT_CURRENT='8'
LT_RELEASE='1.2'
LT_REVISION='4'
MAJOR_VERSION='1'
MAKEINFO='${SHELL} /home/shane/TAS/install_UI/SDL/SDL_image-1.2.12/missing --run makeinfo'
MICRO_VERSION='12'
MINOR_VERSION='2'
NM='link -dump -symbols'
NMEDIT=''
OBJC='gcc'
OBJCDEPMODE='depmode=gcc3'
OBJCFLAGS='-I/home/shane/TAS/install_UI/SDL/arm/include/libpng16   -g -O2 -D_GNU_SOURCE=1 -D_REENTRANT -I/home/shane/TAS/install_UI/SDL/arm/include/SDL  '
OBJDUMP='objdump'
OBJEXT='o'
OTOOL64=''
OTOOL=''
PACKAGE='SDL_image'
PACKAGE_BUGREPORT=''
PACKAGE_NAME=''
PACKAGE_STRING=''
PACKAGE_TARNAME=''
PACKAGE_VERSION=''
PATH_SEPARATOR=':'
PKG_CONFIG='/usr/bin/pkg-config'
RANLIB='ranlib'
SDL_CFLAGS='-D_GNU_SOURCE=1 -D_REENTRANT -I/home/shane/TAS/install_UI/SDL/arm/include/SDL  '
SDL_CONFIG='pkg-config sdl'
SDL_LIBS='-Wl,-rpath,/home/shane/TAS/install_UI/SDL/arm/lib -L/home/shane/TAS/install_UI/SDL/arm/lib -lSDL -lpthread  '
SDL_VERSION='1.2.10'
SED='/bin/sed'
SET_MAKE=''
SHELL='/bin/bash'
STRIP='strip'
USE_IMAGEIO_FALSE=''
USE_IMAGEIO_TRUE='#'
USE_VERSION_RC_FALSE=''
USE_VERSION_RC_TRUE='#'
VERSION='1.2.12'
WINDRES=''
ac_ct_CC=''
ac_ct_DUMPBIN='link -dump -symbols'
ac_ct_OBJC='gcc'
am__fastdepCC_FALSE='#'
am__fastdepCC_TRUE=''
am__fastdepOBJC_FALSE='#'
am__fastdepOBJC_TRUE=''
am__include='include'
am__isrc=''
am__leading_dot='.'
am__quote=''
am__tar='${AMTAR} chof - "$$tardir"'
am__untar='${AMTAR} xf -'
bindir='${exec_prefix}/bin'
build='x86_64-unknown-linux-gnu'
build_alias=''
build_cpu='x86_64'
build_os='linux-gnu'
build_vendor='unknown'
datadir='${datarootdir}'
datarootdir='${prefix}/share'
docdir='${datarootdir}/doc/${PACKAGE}'
dvidir='${docdir}'
exec_prefix='${prefix}'
host='arm-unknown-linux-gnu'
host_alias='arm-linux'
host_cpu='arm'
host_os='linux-gnu'
host_vendor='unknown'
htmldir='${docdir}'
includedir='${prefix}/include'
infodir='${datarootdir}/info'
install_sh='$(SHELL) /home/shane/TAS/install_UI/SDL/SDL_image-1.2.12/install-sh'
libdir='${exec_prefix}/lib'
libexecdir='${exec_prefix}/libexec'
localedir='${datarootdir}/locale'
localstatedir='${prefix}/var'
lt_ECHO='echo'
mandir='${datarootdir}/man'
mkdir_p='/bin/mkdir -p'
oldincludedir='/usr/include'
pdfdir='${docdir}'
prefix='/home/shane/TAS/install_UI/SDL/arm'
program_transform_name='s,x,x,'
psdir='${docdir}'
sbindir='${exec_prefix}/sbin'
sharedstatedir='${prefix}/com'
sysconfdir='${prefix}/etc'
target_alias=''

## ----------- ##
## confdefs.h. ##
## ----------- ##

#define PACKAGE_NAME ""
#define PACKAGE_TARNAME ""
#define PACKAGE_VERSION ""
#define PACKAGE_STRING ""
#define PACKAGE_BUGREPORT ""
#define STDC_HEADERS 1
#define HAVE_SYS_TYPES_H 1
#define HAVE_SYS_STAT_H 1
#define HAVE_STDLIB_H 1
#define HAVE_STRING_H 1
#define HAVE_MEMORY_H 1
#define HAVE_STRINGS_H 1
#define HAVE_INTTYPES_H 1
#define HAVE_STDINT_H 1
#define HAVE_UNISTD_H 1
#define HAVE_DLFCN_H 1
#define LT_OBJDIR ".libs/"
#define PACKAGE "SDL_image"
#define VERSION "1.2.12"
#define LOAD_PNG 1

configure: exit 0
